{"message":"No estas autorizado para ingresar a esta ruta","level":"warn"}
{"message":"Usuario [object Object] se deslogueo a las Sun Jul 18 2021 23:13:02 GMT-0300 (hora estándar de Argentina)","level":"warn"}
{"message":"No estas autorizado para ingresar a esta ruta","level":"warn"}
{"message":"Usuario [object Object] se deslogueo a las Sun Jul 18 2021 23:13:17 GMT-0300 (hora estándar de Argentina)","level":"warn"}
{"message":"invalid json response body at http://localhost:8080/api/mensajes reason: Unexpected token < in JSON at position 0","type":"invalid-json","level":"error"}
{"message":"No estas autorizado para ingresar a esta ruta","level":"warn"}
{"message":"invalid json response body at http://localhost:8080/api/mensajes reason: Unexpected token < in JSON at position 0","type":"invalid-json","level":"error"}
{"message":"invalid json response body at http://localhost:8080/api/mensajes reason: Unexpected token < in JSON at position 0","type":"invalid-json","level":"error"}
{"message":"Usuario [object Object] se deslogueo a las Wed Aug 11 2021 07:59:34 GMT-0300 (hora estándar de Argentina)","level":"warn"}
{"message":"Usuario [object Object] se deslogueo a las Wed Aug 11 2021 08:01:33 GMT-0300 (hora estándar de Argentina)","level":"warn"}
{"message":"Usuario [object Object] se deslogueo a las Tue Aug 17 2021 20:03:04 GMT-0300 (hora estándar de Argentina)","level":"warn"}
{"message":"No estas autorizado para ingresar a esta ruta","level":"warn"}
{"message":"Usuario [object Object] se deslogueo a las Tue Aug 17 2021 20:03:23 GMT-0300 (hora estándar de Argentina)","level":"warn"}
{"message":"Usuario [object Object] se deslogueo a las Wed Aug 18 2021 09:23:48 GMT-0300 (hora estándar de Argentina)","level":"warn"}
{"message":"Usuario [object Object] se deslogueo a las Wed Aug 18 2021 09:24:24 GMT-0300 (hora estándar de Argentina)","level":"warn"}
{"message":"Usuario [object Object] se deslogueo a las Wed Aug 18 2021 09:25:01 GMT-0300 (hora estándar de Argentina)","level":"warn"}
{"message":"Usuario [object Object] se deslogueo a las Wed Aug 18 2021 09:25:34 GMT-0300 (hora estándar de Argentina)","level":"warn"}
{"message":"Usuario [object Object] se deslogueo a las Wed Aug 18 2021 09:27:24 GMT-0300 (hora estándar de Argentina)","level":"warn"}
{"message":"Usuario [object Object] se deslogueo a las Wed Aug 18 2021 09:30:51 GMT-0300 (hora estándar de Argentina)","level":"warn"}
{"message":"No estas autorizado para ingresar a esta ruta","level":"warn"}
{"message":"Usuario [object Object] se deslogueo a las Wed Aug 18 2021 09:31:29 GMT-0300 (hora estándar de Argentina)","level":"warn"}
{"message":"Usuario [object Object] se deslogueo a las Wed Aug 18 2021 09:33:33 GMT-0300 (hora estándar de Argentina)","level":"warn"}
{"message":"Usuario Alejandro Ra se deslogueo a las Wed Aug 18 2021 09:35:57 GMT-0300 (hora estándar de Argentina)","level":"warn"}
{"message":"Usuario Alejandro Ra se deslogueo a las Wed Aug 18 2021 09:38:31 GMT-0300 (hora estándar de Argentina)","level":"warn"}
{"message":"No estas autorizado para ingresar a esta ruta","level":"warn"}
{"message":"Usuario Alejandro Ra se deslogueo a las Wed Aug 18 2021 09:40:38 GMT-0300 (hora estándar de Argentina)","level":"warn"}
{"message":"Usuario Alejandro Ra se deslogueo a las Wed Aug 18 2021 09:41:53 GMT-0300 (hora estándar de Argentina)","level":"warn"}
{"message":"Usuario Alejandro Ra se deslogueo a las Wed Aug 18 2021 10:20:05 GMT-0300 (hora estándar de Argentina)","level":"warn"}
{"message":"No estas autorizado para ingresar a esta ruta","level":"warn"}
{"message":"Usuario Alejandro Ra se deslogueo a las Wed Aug 18 2021 13:39:02 GMT-0300 (hora estándar de Argentina)","level":"warn"}
{"message":"No estas autorizado para ingresar a esta ruta","level":"warn"}
{"message":"No estas autorizado para ingresar a esta ruta","level":"warn"}
{"message":"Usuario Alejandro Ra se deslogueo a las Wed Aug 18 2021 17:43:31 GMT-0300 (hora estándar de Argentina)","level":"warn"}
{"message":"Usuario Alejandro Ra se deslogueo a las Wed Aug 18 2021 17:44:11 GMT-0300 (hora estándar de Argentina)","level":"warn"}
{"message":"No estas autorizado para ingresar a esta ruta","level":"warn"}
{"message":"No estas autorizado para ingresar a esta ruta","level":"warn"}
{"message":"No estas autorizado para ingresar a esta ruta","level":"warn"}
{"message":"No estas autorizado para ingresar a esta ruta","level":"warn"}
{"message":"No estas autorizado para ingresar a esta ruta","level":"warn"}
{"message":"No estas autorizado para ingresar a esta ruta","level":"warn"}
{"message":"No estas autorizado para ingresar a esta ruta","level":"warn"}
{"message":"No estas autorizado para ingresar a esta ruta","level":"warn"}
{"message":"No estas autorizado para ingresar a esta ruta","level":"warn"}
{"message":"No estas autorizado para ingresar a esta ruta","level":"warn"}
{"message":"No estas autorizado para ingresar a esta ruta","level":"warn"}
